   1              		.arch armv7-a
   2              		.eabi_attribute 27, 3
   3              		.eabi_attribute 28, 1
   4              		.fpu neon-vfpv4
   5              		.eabi_attribute 20, 1
   6              		.eabi_attribute 21, 1
   7              		.eabi_attribute 23, 3
   8              		.eabi_attribute 24, 1
   9              		.eabi_attribute 25, 1
  10              		.eabi_attribute 26, 1
  11              		.eabi_attribute 30, 6
  12              		.eabi_attribute 34, 1
  13              		.eabi_attribute 18, 4
  14              		.file	"main.c"
  15              		.data
  16              		.align	2
  19              	gpio:
  20 0000 0000203F 		.word	1059061760
  21              		.align	2
  24              	sys_timer:
  25 0004 0030003F 		.word	1056976896
  26              		.align	2
  29              	uart:
  30 0008 0010203F 		.word	1059065856
  31              		.text
  32              		.align	2
  33              		.global	blink_once
  35              	blink_once:
  36              		@ args = 0, pretend = 0, frame = 0
  37              		@ frame_needed = 1, uses_anonymous_args = 0
  38 0000 00482DE9 		stmfd	sp!, {fp, lr}
  39 0004 04B08DE2 		add	fp, sp, #4
  40 0008 003000E3 		movw	r3, #:lower16:gpio
  41 000c 003040E3 		movt	r3, #:upper16:gpio
  42 0010 003093E5 		ldr	r3, [r3, #0]
  43 0014 1C2083E2 		add	r2, r3, #28
  44 0018 003000E3 		movw	r3, #:lower16:gpio
  45 001c 003040E3 		movt	r3, #:upper16:gpio
  46 0020 003093E5 		ldr	r3, [r3, #0]
  47 0024 1C3083E2 		add	r3, r3, #28
  48 0028 003093E5 		ldr	r3, [r3, #0]
  49 002c 013483E3 		orr	r3, r3, #16777216
  50 0030 003082E5 		str	r3, [r2, #0]
  51 0034 7D0FA0E3 		mov	r0, #500
  52 0038 FEFFFFEB 		bl	timer_delay_ms
  53 003c 003000E3 		movw	r3, #:lower16:gpio
  54 0040 003040E3 		movt	r3, #:upper16:gpio
  55 0044 003093E5 		ldr	r3, [r3, #0]
  56 0048 282083E2 		add	r2, r3, #40
  57 004c 003000E3 		movw	r3, #:lower16:gpio
  58 0050 003040E3 		movt	r3, #:upper16:gpio
  59 0054 003093E5 		ldr	r3, [r3, #0]
  60 0058 283083E2 		add	r3, r3, #40
  61 005c 003093E5 		ldr	r3, [r3, #0]
  62 0060 013483E3 		orr	r3, r3, #16777216
  63 0064 003082E5 		str	r3, [r2, #0]
  64 0068 7D0FA0E3 		mov	r0, #500
  65 006c FEFFFFEB 		bl	timer_delay_ms
  66 0070 0088BDE8 		ldmfd	sp!, {fp, pc}
  68              		.align	2
  69              		.global	blink_code
  71              	blink_code:
  72              		@ args = 0, pretend = 0, frame = 16
  73              		@ frame_needed = 1, uses_anonymous_args = 0
  74 0074 00482DE9 		stmfd	sp!, {fp, lr}
  75 0078 04B08DE2 		add	fp, sp, #4
  76 007c 10D04DE2 		sub	sp, sp, #16
  77 0080 10000BE5 		str	r0, [fp, #-16]
  78 0084 0030A0E3 		mov	r3, #0
  79 0088 08300BE5 		str	r3, [fp, #-8]
  80 008c 030000EA 		b	.L3
  81              	.L4:
  82 0090 FEFFFFEB 		bl	blink_once
  83 0094 08301BE5 		ldr	r3, [fp, #-8]
  84 0098 013083E2 		add	r3, r3, #1
  85 009c 08300BE5 		str	r3, [fp, #-8]
  86              	.L3:
  87 00a0 08201BE5 		ldr	r2, [fp, #-8]
  88 00a4 10301BE5 		ldr	r3, [fp, #-16]
  89 00a8 030052E1 		cmp	r2, r3
  90 00ac F7FFFF3A 		bcc	.L4
  91 00b0 940101E3 		movw	r0, #4500
  92 00b4 FEFFFFEB 		bl	timer_delay_ms
  93 00b8 04D04BE2 		sub	sp, fp, #4
  94 00bc 0088BDE8 		ldmfd	sp!, {fp, pc}
  96              		.align	2
  97              		.global	W
  99              	W:
 100              		@ args = 0, pretend = 0, frame = 8
 101              		@ frame_needed = 1, uses_anonymous_args = 0
 102              		@ link register save eliminated.
 103 00c0 04B02DE5 		str	fp, [sp, #-4]!
 104 00c4 00B08DE2 		add	fp, sp, #0
 105 00c8 0CD04DE2 		sub	sp, sp, #12
 106 00cc 08000BE5 		str	r0, [fp, #-8]
 107 00d0 08301BE5 		ldr	r3, [fp, #-8]
 108 00d4 083003E2 		and	r3, r3, #8
 109 00d8 A331A0E1 		mov	r3, r3, lsr #3
 110 00dc 0300A0E1 		mov	r0, r3
 111 00e0 00D08BE2 		add	sp, fp, #0
 112 00e4 0008BDE8 		ldmfd	sp!, {fp}
 113 00e8 1EFF2FE1 		bx	lr
 115              		.align	2
 116              		.global	X
 118              	X:
 119              		@ args = 0, pretend = 0, frame = 8
 120              		@ frame_needed = 1, uses_anonymous_args = 0
 121              		@ link register save eliminated.
 122 00ec 04B02DE5 		str	fp, [sp, #-4]!
 123 00f0 00B08DE2 		add	fp, sp, #0
 124 00f4 0CD04DE2 		sub	sp, sp, #12
 125 00f8 08000BE5 		str	r0, [fp, #-8]
 126 00fc 08301BE5 		ldr	r3, [fp, #-8]
 127 0100 043003E2 		and	r3, r3, #4
 128 0104 2331A0E1 		mov	r3, r3, lsr #2
 129 0108 0300A0E1 		mov	r0, r3
 130 010c 00D08BE2 		add	sp, fp, #0
 131 0110 0008BDE8 		ldmfd	sp!, {fp}
 132 0114 1EFF2FE1 		bx	lr
 134              		.align	2
 135              		.global	Y
 137              	Y:
 138              		@ args = 0, pretend = 0, frame = 8
 139              		@ frame_needed = 1, uses_anonymous_args = 0
 140              		@ link register save eliminated.
 141 0118 04B02DE5 		str	fp, [sp, #-4]!
 142 011c 00B08DE2 		add	fp, sp, #0
 143 0120 0CD04DE2 		sub	sp, sp, #12
 144 0124 08000BE5 		str	r0, [fp, #-8]
 145 0128 08301BE5 		ldr	r3, [fp, #-8]
 146 012c 023003E2 		and	r3, r3, #2
 147 0130 A330A0E1 		mov	r3, r3, lsr #1
 148 0134 0300A0E1 		mov	r0, r3
 149 0138 00D08BE2 		add	sp, fp, #0
 150 013c 0008BDE8 		ldmfd	sp!, {fp}
 151 0140 1EFF2FE1 		bx	lr
 153              		.align	2
 154              		.global	Z
 156              	Z:
 157              		@ args = 0, pretend = 0, frame = 8
 158              		@ frame_needed = 1, uses_anonymous_args = 0
 159              		@ link register save eliminated.
 160 0144 04B02DE5 		str	fp, [sp, #-4]!
 161 0148 00B08DE2 		add	fp, sp, #0
 162 014c 0CD04DE2 		sub	sp, sp, #12
 163 0150 08000BE5 		str	r0, [fp, #-8]
 164 0154 08301BE5 		ldr	r3, [fp, #-8]
 165 0158 013003E2 		and	r3, r3, #1
 166 015c 0300A0E1 		mov	r0, r3
 167 0160 00D08BE2 		add	sp, fp, #0
 168 0164 0008BDE8 		ldmfd	sp!, {fp}
 169 0168 1EFF2FE1 		bx	lr
 171              		.align	2
 172              		.global	not
 174              	not:
 175              		@ args = 0, pretend = 0, frame = 8
 176              		@ frame_needed = 1, uses_anonymous_args = 0
 177              		@ link register save eliminated.
 178 016c 04B02DE5 		str	fp, [sp, #-4]!
 179 0170 00B08DE2 		add	fp, sp, #0
 180 0174 0CD04DE2 		sub	sp, sp, #12
 181 0178 08000BE5 		str	r0, [fp, #-8]
 182 017c 08301BE5 		ldr	r3, [fp, #-8]
 183 0180 013003E2 		and	r3, r3, #1
 184 0184 000053E3 		cmp	r3, #0
 185 0188 0030A013 		movne	r3, #0
 186 018c 0130A003 		moveq	r3, #1
 187 0190 7330EFE6 		uxtb	r3, r3
 188 0194 0300A0E1 		mov	r0, r3
 189 0198 00D08BE2 		add	sp, fp, #0
 190 019c 0008BDE8 		ldmfd	sp!, {fp}
 191 01a0 1EFF2FE1 		bx	lr
 193              		.align	2
 194              		.global	BE1F
 196              	BE1F:
 197              		@ args = 0, pretend = 0, frame = 8
 198              		@ frame_needed = 1, uses_anonymous_args = 0
 199 01a4 30482DE9 		stmfd	sp!, {r4, r5, fp, lr}
 200 01a8 0CB08DE2 		add	fp, sp, #12
 201 01ac 08D04DE2 		sub	sp, sp, #8
 202 01b0 10000BE5 		str	r0, [fp, #-16]
 203 01b4 10001BE5 		ldr	r0, [fp, #-16]
 204 01b8 FEFFFFEB 		bl	W
 205 01bc 0030A0E1 		mov	r3, r0
 206 01c0 0300A0E1 		mov	r0, r3
 207 01c4 FEFFFFEB 		bl	not
 208 01c8 0040A0E1 		mov	r4, r0
 209 01cc 10001BE5 		ldr	r0, [fp, #-16]
 210 01d0 FEFFFFEB 		bl	X
 211 01d4 0030A0E1 		mov	r3, r0
 212 01d8 0300A0E1 		mov	r0, r3
 213 01dc FEFFFFEB 		bl	not
 214 01e0 0030A0E1 		mov	r3, r0
 215 01e4 034004E0 		and	r4, r4, r3
 216 01e8 10001BE5 		ldr	r0, [fp, #-16]
 217 01ec FEFFFFEB 		bl	Y
 218 01f0 0030A0E1 		mov	r3, r0
 219 01f4 0300A0E1 		mov	r0, r3
 220 01f8 FEFFFFEB 		bl	not
 221 01fc 0030A0E1 		mov	r3, r0
 222 0200 034004E0 		and	r4, r4, r3
 223 0204 10001BE5 		ldr	r0, [fp, #-16]
 224 0208 FEFFFFEB 		bl	Z
 225 020c 0030A0E1 		mov	r3, r0
 226 0210 0300A0E1 		mov	r0, r3
 227 0214 FEFFFFEB 		bl	not
 228 0218 0030A0E1 		mov	r3, r0
 229 021c 034004E0 		and	r4, r4, r3
 230 0220 10001BE5 		ldr	r0, [fp, #-16]
 231 0224 FEFFFFEB 		bl	W
 232 0228 0030A0E1 		mov	r3, r0
 233 022c 0300A0E1 		mov	r0, r3
 234 0230 FEFFFFEB 		bl	not
 235 0234 0050A0E1 		mov	r5, r0
 236 0238 10001BE5 		ldr	r0, [fp, #-16]
 237 023c FEFFFFEB 		bl	X
 238 0240 0030A0E1 		mov	r3, r0
 239 0244 0300A0E1 		mov	r0, r3
 240 0248 FEFFFFEB 		bl	not
 241 024c 0030A0E1 		mov	r3, r0
 242 0250 035005E0 		and	r5, r5, r3
 243 0254 10001BE5 		ldr	r0, [fp, #-16]
 244 0258 FEFFFFEB 		bl	Y
 245 025c 0030A0E1 		mov	r3, r0
 246 0260 035005E0 		and	r5, r5, r3
 247 0264 10001BE5 		ldr	r0, [fp, #-16]
 248 0268 FEFFFFEB 		bl	Z
 249 026c 0030A0E1 		mov	r3, r0
 250 0270 0300A0E1 		mov	r0, r3
 251 0274 FEFFFFEB 		bl	not
 252 0278 0030A0E1 		mov	r3, r0
 253 027c 033005E0 		and	r3, r5, r3
 254 0280 034084E1 		orr	r4, r4, r3
 255 0284 10001BE5 		ldr	r0, [fp, #-16]
 256 0288 FEFFFFEB 		bl	W
 257 028c 0030A0E1 		mov	r3, r0
 258 0290 0300A0E1 		mov	r0, r3
 259 0294 FEFFFFEB 		bl	not
 260 0298 0050A0E1 		mov	r5, r0
 261 029c 10001BE5 		ldr	r0, [fp, #-16]
 262 02a0 FEFFFFEB 		bl	X
 263 02a4 0030A0E1 		mov	r3, r0
 264 02a8 035005E0 		and	r5, r5, r3
 265 02ac 10001BE5 		ldr	r0, [fp, #-16]
 266 02b0 FEFFFFEB 		bl	Y
 267 02b4 0030A0E1 		mov	r3, r0
 268 02b8 0300A0E1 		mov	r0, r3
 269 02bc FEFFFFEB 		bl	not
 270 02c0 0030A0E1 		mov	r3, r0
 271 02c4 035005E0 		and	r5, r5, r3
 272 02c8 10001BE5 		ldr	r0, [fp, #-16]
 273 02cc FEFFFFEB 		bl	Z
 274 02d0 0030A0E1 		mov	r3, r0
 275 02d4 0300A0E1 		mov	r0, r3
 276 02d8 FEFFFFEB 		bl	not
 277 02dc 0030A0E1 		mov	r3, r0
 278 02e0 033005E0 		and	r3, r5, r3
 279 02e4 034084E1 		orr	r4, r4, r3
 280 02e8 10001BE5 		ldr	r0, [fp, #-16]
 281 02ec FEFFFFEB 		bl	W
 282 02f0 0030A0E1 		mov	r3, r0
 283 02f4 0300A0E1 		mov	r0, r3
 284 02f8 FEFFFFEB 		bl	not
 285 02fc 0050A0E1 		mov	r5, r0
 286 0300 10001BE5 		ldr	r0, [fp, #-16]
 287 0304 FEFFFFEB 		bl	X
 288 0308 0030A0E1 		mov	r3, r0
 289 030c 035005E0 		and	r5, r5, r3
 290 0310 10001BE5 		ldr	r0, [fp, #-16]
 291 0314 FEFFFFEB 		bl	Y
 292 0318 0030A0E1 		mov	r3, r0
 293 031c 035005E0 		and	r5, r5, r3
 294 0320 10001BE5 		ldr	r0, [fp, #-16]
 295 0324 FEFFFFEB 		bl	Z
 296 0328 0030A0E1 		mov	r3, r0
 297 032c 033005E0 		and	r3, r5, r3
 298 0330 034084E1 		orr	r4, r4, r3
 299 0334 10001BE5 		ldr	r0, [fp, #-16]
 300 0338 FEFFFFEB 		bl	W
 301 033c 0030A0E1 		mov	r3, r0
 302 0340 0300A0E1 		mov	r0, r3
 303 0344 FEFFFFEB 		bl	not
 304 0348 0050A0E1 		mov	r5, r0
 305 034c 10001BE5 		ldr	r0, [fp, #-16]
 306 0350 FEFFFFEB 		bl	X
 307 0354 0030A0E1 		mov	r3, r0
 308 0358 035005E0 		and	r5, r5, r3
 309 035c 10001BE5 		ldr	r0, [fp, #-16]
 310 0360 FEFFFFEB 		bl	Y
 311 0364 0030A0E1 		mov	r3, r0
 312 0368 035005E0 		and	r5, r5, r3
 313 036c 10001BE5 		ldr	r0, [fp, #-16]
 314 0370 FEFFFFEB 		bl	Z
 315 0374 0030A0E1 		mov	r3, r0
 316 0378 0300A0E1 		mov	r0, r3
 317 037c FEFFFFEB 		bl	not
 318 0380 0030A0E1 		mov	r3, r0
 319 0384 033005E0 		and	r3, r5, r3
 320 0388 034084E1 		orr	r4, r4, r3
 321 038c 10001BE5 		ldr	r0, [fp, #-16]
 322 0390 FEFFFFEB 		bl	W
 323 0394 0050A0E1 		mov	r5, r0
 324 0398 10001BE5 		ldr	r0, [fp, #-16]
 325 039c FEFFFFEB 		bl	X
 326 03a0 0030A0E1 		mov	r3, r0
 327 03a4 035005E0 		and	r5, r5, r3
 328 03a8 10001BE5 		ldr	r0, [fp, #-16]
 329 03ac FEFFFFEB 		bl	Y
 330 03b0 0030A0E1 		mov	r3, r0
 331 03b4 0300A0E1 		mov	r0, r3
 332 03b8 FEFFFFEB 		bl	not
 333 03bc 0030A0E1 		mov	r3, r0
 334 03c0 035005E0 		and	r5, r5, r3
 335 03c4 10001BE5 		ldr	r0, [fp, #-16]
 336 03c8 FEFFFFEB 		bl	Z
 337 03cc 0030A0E1 		mov	r3, r0
 338 03d0 033005E0 		and	r3, r5, r3
 339 03d4 034084E1 		orr	r4, r4, r3
 340 03d8 10001BE5 		ldr	r0, [fp, #-16]
 341 03dc FEFFFFEB 		bl	W
 342 03e0 0050A0E1 		mov	r5, r0
 343 03e4 10001BE5 		ldr	r0, [fp, #-16]
 344 03e8 FEFFFFEB 		bl	X
 345 03ec 0030A0E1 		mov	r3, r0
 346 03f0 035005E0 		and	r5, r5, r3
 347 03f4 10001BE5 		ldr	r0, [fp, #-16]
 348 03f8 FEFFFFEB 		bl	Y
 349 03fc 0030A0E1 		mov	r3, r0
 350 0400 035005E0 		and	r5, r5, r3
 351 0404 10001BE5 		ldr	r0, [fp, #-16]
 352 0408 FEFFFFEB 		bl	Z
 353 040c 0030A0E1 		mov	r3, r0
 354 0410 033005E0 		and	r3, r5, r3
 355 0414 034084E1 		orr	r4, r4, r3
 356 0418 10001BE5 		ldr	r0, [fp, #-16]
 357 041c FEFFFFEB 		bl	W
 358 0420 0050A0E1 		mov	r5, r0
 359 0424 10001BE5 		ldr	r0, [fp, #-16]
 360 0428 FEFFFFEB 		bl	X
 361 042c 0030A0E1 		mov	r3, r0
 362 0430 035005E0 		and	r5, r5, r3
 363 0434 10001BE5 		ldr	r0, [fp, #-16]
 364 0438 FEFFFFEB 		bl	Y
 365 043c 0030A0E1 		mov	r3, r0
 366 0440 035005E0 		and	r5, r5, r3
 367 0444 10001BE5 		ldr	r0, [fp, #-16]
 368 0448 FEFFFFEB 		bl	Z
 369 044c 0030A0E1 		mov	r3, r0
 370 0450 0300A0E1 		mov	r0, r3
 371 0454 FEFFFFEB 		bl	not
 372 0458 0030A0E1 		mov	r3, r0
 373 045c 033005E0 		and	r3, r5, r3
 374 0460 034084E1 		orr	r4, r4, r3
 375 0464 10001BE5 		ldr	r0, [fp, #-16]
 376 0468 FEFFFFEB 		bl	W
 377 046c 0050A0E1 		mov	r5, r0
 378 0470 10001BE5 		ldr	r0, [fp, #-16]
 379 0474 FEFFFFEB 		bl	X
 380 0478 0030A0E1 		mov	r3, r0
 381 047c 0300A0E1 		mov	r0, r3
 382 0480 FEFFFFEB 		bl	not
 383 0484 0030A0E1 		mov	r3, r0
 384 0488 035005E0 		and	r5, r5, r3
 385 048c 10001BE5 		ldr	r0, [fp, #-16]
 386 0490 FEFFFFEB 		bl	Y
 387 0494 0030A0E1 		mov	r3, r0
 388 0498 0300A0E1 		mov	r0, r3
 389 049c FEFFFFEB 		bl	not
 390 04a0 0030A0E1 		mov	r3, r0
 391 04a4 035005E0 		and	r5, r5, r3
 392 04a8 10001BE5 		ldr	r0, [fp, #-16]
 393 04ac FEFFFFEB 		bl	Z
 394 04b0 0030A0E1 		mov	r3, r0
 395 04b4 033005E0 		and	r3, r5, r3
 396 04b8 033084E1 		orr	r3, r4, r3
 397 04bc 0300A0E1 		mov	r0, r3
 398 04c0 0CD04BE2 		sub	sp, fp, #12
 399 04c4 3088BDE8 		ldmfd	sp!, {r4, r5, fp, pc}
 401              		.align	2
 402              		.global	BE1G
 404              	BE1G:
 405              		@ args = 0, pretend = 0, frame = 8
 406              		@ frame_needed = 1, uses_anonymous_args = 0
 407 04c8 30482DE9 		stmfd	sp!, {r4, r5, fp, lr}
 408 04cc 0CB08DE2 		add	fp, sp, #12
 409 04d0 08D04DE2 		sub	sp, sp, #8
 410 04d4 10000BE5 		str	r0, [fp, #-16]
 411 04d8 10001BE5 		ldr	r0, [fp, #-16]
 412 04dc FEFFFFEB 		bl	W
 413 04e0 0030A0E1 		mov	r3, r0
 414 04e4 0300A0E1 		mov	r0, r3
 415 04e8 FEFFFFEB 		bl	not
 416 04ec 0040A0E1 		mov	r4, r0
 417 04f0 10001BE5 		ldr	r0, [fp, #-16]
 418 04f4 FEFFFFEB 		bl	Z
 419 04f8 0030A0E1 		mov	r3, r0
 420 04fc 0300A0E1 		mov	r0, r3
 421 0500 FEFFFFEB 		bl	not
 422 0504 0030A0E1 		mov	r3, r0
 423 0508 034004E0 		and	r4, r4, r3
 424 050c 10001BE5 		ldr	r0, [fp, #-16]
 425 0510 FEFFFFEB 		bl	W
 426 0514 0050A0E1 		mov	r5, r0
 427 0518 10001BE5 		ldr	r0, [fp, #-16]
 428 051c FEFFFFEB 		bl	Y
 429 0520 0030A0E1 		mov	r3, r0
 430 0524 0300A0E1 		mov	r0, r3
 431 0528 FEFFFFEB 		bl	not
 432 052c 0030A0E1 		mov	r3, r0
 433 0530 035005E0 		and	r5, r5, r3
 434 0534 10001BE5 		ldr	r0, [fp, #-16]
 435 0538 FEFFFFEB 		bl	Z
 436 053c 0030A0E1 		mov	r3, r0
 437 0540 033005E0 		and	r3, r5, r3
 438 0544 034084E1 		orr	r4, r4, r3
 439 0548 10001BE5 		ldr	r0, [fp, #-16]
 440 054c FEFFFFEB 		bl	X
 441 0550 0050A0E1 		mov	r5, r0
 442 0554 10001BE5 		ldr	r0, [fp, #-16]
 443 0558 FEFFFFEB 		bl	Y
 444 055c 0030A0E1 		mov	r3, r0
 445 0560 033005E0 		and	r3, r5, r3
 446 0564 033084E1 		orr	r3, r4, r3
 447 0568 0300A0E1 		mov	r0, r3
 448 056c 0CD04BE2 		sub	sp, fp, #12
 449 0570 3088BDE8 		ldmfd	sp!, {r4, r5, fp, pc}
 451              		.align	2
 452              		.global	BE2F
 454              	BE2F:
 455              		@ args = 0, pretend = 0, frame = 8
 456              		@ frame_needed = 1, uses_anonymous_args = 0
 457 0574 30482DE9 		stmfd	sp!, {r4, r5, fp, lr}
 458 0578 0CB08DE2 		add	fp, sp, #12
 459 057c 08D04DE2 		sub	sp, sp, #8
 460 0580 10000BE5 		str	r0, [fp, #-16]
 461 0584 10001BE5 		ldr	r0, [fp, #-16]
 462 0588 FEFFFFEB 		bl	X
 463 058c 0030A0E1 		mov	r3, r0
 464 0590 0300A0E1 		mov	r0, r3
 465 0594 FEFFFFEB 		bl	not
 466 0598 0040A0E1 		mov	r4, r0
 467 059c 10001BE5 		ldr	r0, [fp, #-16]
 468 05a0 FEFFFFEB 		bl	Z
 469 05a4 0030A0E1 		mov	r3, r0
 470 05a8 0300A0E1 		mov	r0, r3
 471 05ac FEFFFFEB 		bl	not
 472 05b0 0030A0E1 		mov	r3, r0
 473 05b4 034004E0 		and	r4, r4, r3
 474 05b8 10001BE5 		ldr	r0, [fp, #-16]
 475 05bc FEFFFFEB 		bl	Y
 476 05c0 0050A0E1 		mov	r5, r0
 477 05c4 10001BE5 		ldr	r0, [fp, #-16]
 478 05c8 FEFFFFEB 		bl	Z
 479 05cc 0030A0E1 		mov	r3, r0
 480 05d0 0300A0E1 		mov	r0, r3
 481 05d4 FEFFFFEB 		bl	not
 482 05d8 0030A0E1 		mov	r3, r0
 483 05dc 033005E0 		and	r3, r5, r3
 484 05e0 033084E1 		orr	r3, r4, r3
 485 05e4 0300A0E1 		mov	r0, r3
 486 05e8 0CD04BE2 		sub	sp, fp, #12
 487 05ec 3088BDE8 		ldmfd	sp!, {r4, r5, fp, pc}
 489              		.align	2
 490              		.global	BE2G
 492              	BE2G:
 493              		@ args = 0, pretend = 0, frame = 8
 494              		@ frame_needed = 1, uses_anonymous_args = 0
 495 05f0 30482DE9 		stmfd	sp!, {r4, r5, fp, lr}
 496 05f4 0CB08DE2 		add	fp, sp, #12
 497 05f8 08D04DE2 		sub	sp, sp, #8
 498 05fc 10000BE5 		str	r0, [fp, #-16]
 499 0600 10001BE5 		ldr	r0, [fp, #-16]
 500 0604 FEFFFFEB 		bl	X
 501 0608 0030A0E1 		mov	r3, r0
 502 060c 0300A0E1 		mov	r0, r3
 503 0610 FEFFFFEB 		bl	not
 504 0614 0040A0E1 		mov	r4, r0
 505 0618 10001BE5 		ldr	r0, [fp, #-16]
 506 061c FEFFFFEB 		bl	Z
 507 0620 0030A0E1 		mov	r3, r0
 508 0624 0300A0E1 		mov	r0, r3
 509 0628 FEFFFFEB 		bl	not
 510 062c 0030A0E1 		mov	r3, r0
 511 0630 034004E0 		and	r4, r4, r3
 512 0634 10001BE5 		ldr	r0, [fp, #-16]
 513 0638 FEFFFFEB 		bl	X
 514 063c 0050A0E1 		mov	r5, r0
 515 0640 10001BE5 		ldr	r0, [fp, #-16]
 516 0644 FEFFFFEB 		bl	Y
 517 0648 0030A0E1 		mov	r3, r0
 518 064c 033005E0 		and	r3, r5, r3
 519 0650 033084E1 		orr	r3, r4, r3
 520 0654 0300A0E1 		mov	r0, r3
 521 0658 0CD04BE2 		sub	sp, fp, #12
 522 065c 3088BDE8 		ldmfd	sp!, {r4, r5, fp, pc}
 524              		.section	.rodata
 525              		.align	2
 526              	.LC0:
 527 0000 200000   		.ascii	" \000\000"
 528 0003 00       		.align	2
 529              	.LC1:
 530 0004 207C2000 		.ascii	" | \000\000"
 530      00
 531 0009 000000   		.align	2
 532              	.LC2:
 533 000c 0A0D0000 		.ascii	"\012\015\000\000"
 534              		.text
 535              		.align	2
 536              		.global	printBE1
 538              	printBE1:
 539              		@ args = 0, pretend = 0, frame = 8
 540              		@ frame_needed = 1, uses_anonymous_args = 0
 541 0660 00482DE9 		stmfd	sp!, {fp, lr}
 542 0664 04B08DE2 		add	fp, sp, #4
 543 0668 08D04DE2 		sub	sp, sp, #8
 544 066c 08000BE5 		str	r0, [fp, #-8]
 545 0670 08001BE5 		ldr	r0, [fp, #-8]
 546 0674 FEFFFFEB 		bl	W
 547 0678 0030A0E1 		mov	r3, r0
 548 067c 7330EFE6 		uxtb	r3, r3
 549 0680 303083E3 		orr	r3, r3, #48
 550 0684 7330EFE6 		uxtb	r3, r3
 551 0688 0300A0E1 		mov	r0, r3
 552 068c FEFFFFEB 		bl	put_char
 553 0690 000000E3 		movw	r0, #:lower16:.LC0
 554 0694 000040E3 		movt	r0, #:upper16:.LC0
 555 0698 FEFFFFEB 		bl	put_string
 556 069c 08001BE5 		ldr	r0, [fp, #-8]
 557 06a0 FEFFFFEB 		bl	X
 558 06a4 0030A0E1 		mov	r3, r0
 559 06a8 7330EFE6 		uxtb	r3, r3
 560 06ac 303083E3 		orr	r3, r3, #48
 561 06b0 7330EFE6 		uxtb	r3, r3
 562 06b4 0300A0E1 		mov	r0, r3
 563 06b8 FEFFFFEB 		bl	put_char
 564 06bc 000000E3 		movw	r0, #:lower16:.LC0
 565 06c0 000040E3 		movt	r0, #:upper16:.LC0
 566 06c4 FEFFFFEB 		bl	put_string
 567 06c8 08001BE5 		ldr	r0, [fp, #-8]
 568 06cc FEFFFFEB 		bl	Y
 569 06d0 0030A0E1 		mov	r3, r0
 570 06d4 7330EFE6 		uxtb	r3, r3
 571 06d8 303083E3 		orr	r3, r3, #48
 572 06dc 7330EFE6 		uxtb	r3, r3
 573 06e0 0300A0E1 		mov	r0, r3
 574 06e4 FEFFFFEB 		bl	put_char
 575 06e8 000000E3 		movw	r0, #:lower16:.LC0
 576 06ec 000040E3 		movt	r0, #:upper16:.LC0
 577 06f0 FEFFFFEB 		bl	put_string
 578 06f4 08001BE5 		ldr	r0, [fp, #-8]
 579 06f8 FEFFFFEB 		bl	Z
 580 06fc 0030A0E1 		mov	r3, r0
 581 0700 7330EFE6 		uxtb	r3, r3
 582 0704 303083E3 		orr	r3, r3, #48
 583 0708 7330EFE6 		uxtb	r3, r3
 584 070c 0300A0E1 		mov	r0, r3
 585 0710 FEFFFFEB 		bl	put_char
 586 0714 000000E3 		movw	r0, #:lower16:.LC1
 587 0718 000040E3 		movt	r0, #:upper16:.LC1
 588 071c FEFFFFEB 		bl	put_string
 589 0720 08001BE5 		ldr	r0, [fp, #-8]
 590 0724 FEFFFFEB 		bl	BE1F
 591 0728 0030A0E1 		mov	r3, r0
 592 072c 7330EFE6 		uxtb	r3, r3
 593 0730 303083E3 		orr	r3, r3, #48
 594 0734 7330EFE6 		uxtb	r3, r3
 595 0738 0300A0E1 		mov	r0, r3
 596 073c FEFFFFEB 		bl	put_char
 597 0740 000000E3 		movw	r0, #:lower16:.LC0
 598 0744 000040E3 		movt	r0, #:upper16:.LC0
 599 0748 FEFFFFEB 		bl	put_string
 600 074c 08001BE5 		ldr	r0, [fp, #-8]
 601 0750 FEFFFFEB 		bl	BE1G
 602 0754 0030A0E1 		mov	r3, r0
 603 0758 7330EFE6 		uxtb	r3, r3
 604 075c 303083E3 		orr	r3, r3, #48
 605 0760 7330EFE6 		uxtb	r3, r3
 606 0764 0300A0E1 		mov	r0, r3
 607 0768 FEFFFFEB 		bl	put_char
 608 076c 000000E3 		movw	r0, #:lower16:.LC2
 609 0770 000040E3 		movt	r0, #:upper16:.LC2
 610 0774 FEFFFFEB 		bl	put_string
 611 0778 04D04BE2 		sub	sp, fp, #4
 612 077c 0088BDE8 		ldmfd	sp!, {fp, pc}
 614              		.align	2
 615              		.global	printBE2
 617              	printBE2:
 618              		@ args = 0, pretend = 0, frame = 16
 619              		@ frame_needed = 1, uses_anonymous_args = 0
 620 0780 00482DE9 		stmfd	sp!, {fp, lr}
 621 0784 04B08DE2 		add	fp, sp, #4
 622 0788 10D04DE2 		sub	sp, sp, #16
 623 078c 10000BE5 		str	r0, [fp, #-16]
 624 0790 10001BE5 		ldr	r0, [fp, #-16]
 625 0794 FEFFFFEB 		bl	BE2F
 626 0798 08000BE5 		str	r0, [fp, #-8]
 627 079c 10001BE5 		ldr	r0, [fp, #-16]
 628 07a0 FEFFFFEB 		bl	BE2G
 629 07a4 0C000BE5 		str	r0, [fp, #-12]
 630 07a8 10001BE5 		ldr	r0, [fp, #-16]
 631 07ac FEFFFFEB 		bl	W
 632 07b0 0030A0E1 		mov	r3, r0
 633 07b4 7330EFE6 		uxtb	r3, r3
 634 07b8 303083E3 		orr	r3, r3, #48
 635 07bc 7330EFE6 		uxtb	r3, r3
 636 07c0 0300A0E1 		mov	r0, r3
 637 07c4 FEFFFFEB 		bl	put_char
 638 07c8 000000E3 		movw	r0, #:lower16:.LC0
 639 07cc 000040E3 		movt	r0, #:upper16:.LC0
 640 07d0 FEFFFFEB 		bl	put_string
 641 07d4 10001BE5 		ldr	r0, [fp, #-16]
 642 07d8 FEFFFFEB 		bl	X
 643 07dc 0030A0E1 		mov	r3, r0
 644 07e0 7330EFE6 		uxtb	r3, r3
 645 07e4 303083E3 		orr	r3, r3, #48
 646 07e8 7330EFE6 		uxtb	r3, r3
 647 07ec 0300A0E1 		mov	r0, r3
 648 07f0 FEFFFFEB 		bl	put_char
 649 07f4 000000E3 		movw	r0, #:lower16:.LC0
 650 07f8 000040E3 		movt	r0, #:upper16:.LC0
 651 07fc FEFFFFEB 		bl	put_string
 652 0800 10001BE5 		ldr	r0, [fp, #-16]
 653 0804 FEFFFFEB 		bl	Y
 654 0808 0030A0E1 		mov	r3, r0
 655 080c 7330EFE6 		uxtb	r3, r3
 656 0810 303083E3 		orr	r3, r3, #48
 657 0814 7330EFE6 		uxtb	r3, r3
 658 0818 0300A0E1 		mov	r0, r3
 659 081c FEFFFFEB 		bl	put_char
 660 0820 000000E3 		movw	r0, #:lower16:.LC0
 661 0824 000040E3 		movt	r0, #:upper16:.LC0
 662 0828 FEFFFFEB 		bl	put_string
 663 082c 10001BE5 		ldr	r0, [fp, #-16]
 664 0830 FEFFFFEB 		bl	Z
 665 0834 0030A0E1 		mov	r3, r0
 666 0838 7330EFE6 		uxtb	r3, r3
 667 083c 303083E3 		orr	r3, r3, #48
 668 0840 7330EFE6 		uxtb	r3, r3
 669 0844 0300A0E1 		mov	r0, r3
 670 0848 FEFFFFEB 		bl	put_char
 671 084c 000000E3 		movw	r0, #:lower16:.LC1
 672 0850 000040E3 		movt	r0, #:upper16:.LC1
 673 0854 FEFFFFEB 		bl	put_string
 674 0858 08301BE5 		ldr	r3, [fp, #-8]
 675 085c 7330EFE6 		uxtb	r3, r3
 676 0860 303083E3 		orr	r3, r3, #48
 677 0864 7330EFE6 		uxtb	r3, r3
 678 0868 0300A0E1 		mov	r0, r3
 679 086c FEFFFFEB 		bl	put_char
 680 0870 000000E3 		movw	r0, #:lower16:.LC0
 681 0874 000040E3 		movt	r0, #:upper16:.LC0
 682 0878 FEFFFFEB 		bl	put_string
 683 087c 0C301BE5 		ldr	r3, [fp, #-12]
 684 0880 7330EFE6 		uxtb	r3, r3
 685 0884 303083E3 		orr	r3, r3, #48
 686 0888 7330EFE6 		uxtb	r3, r3
 687 088c 0300A0E1 		mov	r0, r3
 688 0890 FEFFFFEB 		bl	put_char
 689 0894 000000E3 		movw	r0, #:lower16:.LC2
 690 0898 000040E3 		movt	r0, #:upper16:.LC2
 691 089c FEFFFFEB 		bl	put_string
 692 08a0 08301BE5 		ldr	r3, [fp, #-8]
 693 08a4 000053E3 		cmp	r3, #0
 694 08a8 1F00000A 		beq	.L25
 695 08ac 0C301BE5 		ldr	r3, [fp, #-12]
 696 08b0 000053E3 		cmp	r3, #0
 697 08b4 1C00000A 		beq	.L25
 698 08b8 003000E3 		movw	r3, #:lower16:gpio
 699 08bc 003040E3 		movt	r3, #:upper16:gpio
 700 08c0 003093E5 		ldr	r3, [r3, #0]
 701 08c4 1C3083E2 		add	r3, r3, #28
 702 08c8 0124A0E3 		mov	r2, #16777216
 703 08cc 002083E5 		str	r2, [r3, #0]
 704 08d0 003000E3 		movw	r3, #:lower16:gpio
 705 08d4 003040E3 		movt	r3, #:upper16:gpio
 706 08d8 003093E5 		ldr	r3, [r3, #0]
 707 08dc 1C3083E2 		add	r3, r3, #28
 708 08e0 0227A0E3 		mov	r2, #524288
 709 08e4 002083E5 		str	r2, [r3, #0]
 710 08e8 7D0FA0E3 		mov	r0, #500
 711 08ec FEFFFFEB 		bl	timer_delay_ms
 712 08f0 003000E3 		movw	r3, #:lower16:gpio
 713 08f4 003040E3 		movt	r3, #:upper16:gpio
 714 08f8 003093E5 		ldr	r3, [r3, #0]
 715 08fc 283083E2 		add	r3, r3, #40
 716 0900 0124A0E3 		mov	r2, #16777216
 717 0904 002083E5 		str	r2, [r3, #0]
 718 0908 003000E3 		movw	r3, #:lower16:gpio
 719 090c 003040E3 		movt	r3, #:upper16:gpio
 720 0910 003093E5 		ldr	r3, [r3, #0]
 721 0914 283083E2 		add	r3, r3, #40
 722 0918 0227A0E3 		mov	r2, #524288
 723 091c 002083E5 		str	r2, [r3, #0]
 724 0920 7D0FA0E3 		mov	r0, #500
 725 0924 FEFFFFEB 		bl	timer_delay_ms
 726 0928 2F0000EA 		b	.L24
 727              	.L25:
 728 092c 08301BE5 		ldr	r3, [fp, #-8]
 729 0930 000053E3 		cmp	r3, #0
 730 0934 1300000A 		beq	.L27
 731 0938 0C301BE5 		ldr	r3, [fp, #-12]
 732 093c 000053E3 		cmp	r3, #0
 733 0940 1000001A 		bne	.L27
 734 0944 003000E3 		movw	r3, #:lower16:gpio
 735 0948 003040E3 		movt	r3, #:upper16:gpio
 736 094c 003093E5 		ldr	r3, [r3, #0]
 737 0950 1C3083E2 		add	r3, r3, #28
 738 0954 0124A0E3 		mov	r2, #16777216
 739 0958 002083E5 		str	r2, [r3, #0]
 740 095c 7D0FA0E3 		mov	r0, #500
 741 0960 FEFFFFEB 		bl	timer_delay_ms
 742 0964 003000E3 		movw	r3, #:lower16:gpio
 743 0968 003040E3 		movt	r3, #:upper16:gpio
 744 096c 003093E5 		ldr	r3, [r3, #0]
 745 0970 283083E2 		add	r3, r3, #40
 746 0974 0124A0E3 		mov	r2, #16777216
 747 0978 002083E5 		str	r2, [r3, #0]
 748 097c 7D0FA0E3 		mov	r0, #500
 749 0980 FEFFFFEB 		bl	timer_delay_ms
 750 0984 180000EA 		b	.L24
 751              	.L27:
 752 0988 08301BE5 		ldr	r3, [fp, #-8]
 753 098c 000053E3 		cmp	r3, #0
 754 0990 1300001A 		bne	.L28
 755 0994 0C301BE5 		ldr	r3, [fp, #-12]
 756 0998 000053E3 		cmp	r3, #0
 757 099c 1000000A 		beq	.L28
 758 09a0 003000E3 		movw	r3, #:lower16:gpio
 759 09a4 003040E3 		movt	r3, #:upper16:gpio
 760 09a8 003093E5 		ldr	r3, [r3, #0]
 761 09ac 1C3083E2 		add	r3, r3, #28
 762 09b0 0227A0E3 		mov	r2, #524288
 763 09b4 002083E5 		str	r2, [r3, #0]
 764 09b8 7D0FA0E3 		mov	r0, #500
 765 09bc FEFFFFEB 		bl	timer_delay_ms
 766 09c0 003000E3 		movw	r3, #:lower16:gpio
 767 09c4 003040E3 		movt	r3, #:upper16:gpio
 768 09c8 003093E5 		ldr	r3, [r3, #0]
 769 09cc 283083E2 		add	r3, r3, #40
 770 09d0 0227A0E3 		mov	r2, #524288
 771 09d4 002083E5 		str	r2, [r3, #0]
 772 09d8 7D0FA0E3 		mov	r0, #500
 773 09dc FEFFFFEB 		bl	timer_delay_ms
 774 09e0 010000EA 		b	.L24
 775              	.L28:
 776 09e4 FA0FA0E3 		mov	r0, #1000
 777 09e8 FEFFFFEB 		bl	timer_delay_ms
 778              	.L24:
 779 09ec 04D04BE2 		sub	sp, fp, #4
 780 09f0 0088BDE8 		ldmfd	sp!, {fp, pc}
 782              		.section	.rodata
 783              		.align	2
 784              	.LC3:
 785 0010 57656C63 		.ascii	"Welcome to Lab Exercise 4!\012\0151: Equivalence 1\012"
 785      6F6D6520 
 785      746F204C 
 785      61622045 
 785      78657263 
 786 003d 0D323A20 		.ascii	"\0152: Equivalence 2\012\015\000\000"
 786      45717569 
 786      76616C65 
 786      6E636520 
 786      320A0D00 
 787 0052 0000     		.align	2
 788              	.LC4:
 789 0054 57205820 		.ascii	"W X Y Z | F G - Equivalence 1\012\015\000\000"
 789      59205A20 
 789      7C204620 
 789      47202D20 
 789      45717569 
 790 0075 000000   		.align	2
 791              	.LC5:
 792 0078 57205820 		.ascii	"W X Y Z | F G - Equivalence 2\012\015\000\000"
 792      59205A20 
 792      7C204620 
 792      47202D20 
 792      45717569 
 793 0099 000000   		.align	2
 794              	.LC6:
 795 009c 0A0D00   		.ascii	"\012\015\000"
 796 009f 00       		.align	2
 797              	.LC7:
 798 00a0 4E6F7420 		.ascii	"Not a valid input\015\012\000"
 798      61207661 
 798      6C696420 
 798      696E7075 
 798      740D0A00 
 799              		.text
 800              		.align	2
 801              		.global	main
 803              	main:
 804              		@ args = 0, pretend = 0, frame = 16
 805              		@ frame_needed = 1, uses_anonymous_args = 0
 806 09f4 00482DE9 		stmfd	sp!, {fp, lr}
 807 09f8 04B08DE2 		add	fp, sp, #4
 808 09fc 10D04DE2 		sub	sp, sp, #16
 809 0a00 FEFFFFEB 		bl	init_uart
 810 0a04 003000E3 		movw	r3, #:lower16:gpio
 811 0a08 003040E3 		movt	r3, #:upper16:gpio
 812 0a0c 003093E5 		ldr	r3, [r3, #0]
 813 0a10 042083E2 		add	r2, r3, #4
 814 0a14 003000E3 		movw	r3, #:lower16:gpio
 815 0a18 003040E3 		movt	r3, #:upper16:gpio
 816 0a1c 003093E5 		ldr	r3, [r3, #0]
 817 0a20 043083E2 		add	r3, r3, #4
 818 0a24 003093E5 		ldr	r3, [r3, #0]
 819 0a28 023383E3 		orr	r3, r3, #134217728
 820 0a2c 003082E5 		str	r3, [r2, #0]
 821 0a30 003000E3 		movw	r3, #:lower16:gpio
 822 0a34 003040E3 		movt	r3, #:upper16:gpio
 823 0a38 003093E5 		ldr	r3, [r3, #0]
 824 0a3c 082083E2 		add	r2, r3, #8
 825 0a40 003000E3 		movw	r3, #:lower16:gpio
 826 0a44 003040E3 		movt	r3, #:upper16:gpio
 827 0a48 003093E5 		ldr	r3, [r3, #0]
 828 0a4c 083083E2 		add	r3, r3, #8
 829 0a50 003093E5 		ldr	r3, [r3, #0]
 830 0a54 013A83E3 		orr	r3, r3, #4096
 831 0a58 003082E5 		str	r3, [r2, #0]
 832              	.L40:
 833 0a5c 000000E3 		movw	r0, #:lower16:.LC3
 834 0a60 000040E3 		movt	r0, #:upper16:.LC3
 835 0a64 FEFFFFEB 		bl	put_string
 836 0a68 14304BE2 		sub	r3, fp, #20
 837 0a6c 0300A0E1 		mov	r0, r3
 838 0a70 0310A0E3 		mov	r1, #3
 839 0a74 FEFFFFEB 		bl	get_string
 840 0a78 14305BE5 		ldrb	r3, [fp, #-20]
 841 0a7c 11304BE5 		strb	r3, [fp, #-17]
 842 0a80 11305BE5 		ldrb	r3, [fp, #-17]	@ zero_extendqisi2
 843 0a84 310053E3 		cmp	r3, #49
 844 0a88 1100001A 		bne	.L30
 845 0a8c 000000E3 		movw	r0, #:lower16:.LC4
 846 0a90 000040E3 		movt	r0, #:upper16:.LC4
 847 0a94 FEFFFFEB 		bl	put_string
 848 0a98 0030A0E3 		mov	r3, #0
 849 0a9c 08300BE5 		str	r3, [fp, #-8]
 850 0aa0 040000EA 		b	.L31
 851              	.L32:
 852 0aa4 08001BE5 		ldr	r0, [fp, #-8]
 853 0aa8 FEFFFFEB 		bl	printBE1
 854 0aac 08301BE5 		ldr	r3, [fp, #-8]
 855 0ab0 013083E2 		add	r3, r3, #1
 856 0ab4 08300BE5 		str	r3, [fp, #-8]
 857              	.L31:
 858 0ab8 08301BE5 		ldr	r3, [fp, #-8]
 859 0abc 0F0053E3 		cmp	r3, #15
 860 0ac0 F7FFFF9A 		bls	.L32
 861 0ac4 000000E3 		movw	r0, #:lower16:.LC2
 862 0ac8 000040E3 		movt	r0, #:upper16:.LC2
 863 0acc FEFFFFEB 		bl	put_string
 864 0ad0 E1FFFFEA 		b	.L40
 865              	.L30:
 866 0ad4 11305BE5 		ldrb	r3, [fp, #-17]	@ zero_extendqisi2
 867 0ad8 320053E3 		cmp	r3, #50
 868 0adc 0E00001A 		bne	.L34
 869 0ae0 000000E3 		movw	r0, #:lower16:.LC5
 870 0ae4 000040E3 		movt	r0, #:upper16:.LC5
 871 0ae8 FEFFFFEB 		bl	put_string
 872 0aec 0030A0E3 		mov	r3, #0
 873 0af0 0C300BE5 		str	r3, [fp, #-12]
 874 0af4 040000EA 		b	.L35
 875              	.L36:
 876 0af8 0C001BE5 		ldr	r0, [fp, #-12]
 877 0afc FEFFFFEB 		bl	printBE2
 878 0b00 0C301BE5 		ldr	r3, [fp, #-12]
 879 0b04 013083E2 		add	r3, r3, #1
 880 0b08 0C300BE5 		str	r3, [fp, #-12]
 881              	.L35:
 882 0b0c 0C301BE5 		ldr	r3, [fp, #-12]
 883 0b10 0F0053E3 		cmp	r3, #15
 884 0b14 F7FFFF9A 		bls	.L36
 885 0b18 130000EA 		b	.L33
 886              	.L34:
 887 0b1c 11305BE5 		ldrb	r3, [fp, #-17]	@ zero_extendqisi2
 888 0b20 630053E3 		cmp	r3, #99
 889 0b24 0C00001A 		bne	.L37
 890 0b28 0030A0E3 		mov	r3, #0
 891 0b2c 10300BE5 		str	r3, [fp, #-16]
 892 0b30 050000EA 		b	.L38
 893              	.L39:
 894 0b34 000000E3 		movw	r0, #:lower16:.LC6
 895 0b38 000040E3 		movt	r0, #:upper16:.LC6
 896 0b3c FEFFFFEB 		bl	put_string
 897 0b40 10301BE5 		ldr	r3, [fp, #-16]
 898 0b44 013083E2 		add	r3, r3, #1
 899 0b48 10300BE5 		str	r3, [fp, #-16]
 900              	.L38:
 901 0b4c 10301BE5 		ldr	r3, [fp, #-16]
 902 0b50 180053E3 		cmp	r3, #24
 903 0b54 F6FFFFDA 		ble	.L39
 904 0b58 030000EA 		b	.L33
 905              	.L37:
 906 0b5c 000000E3 		movw	r0, #:lower16:.LC7
 907 0b60 000040E3 		movt	r0, #:upper16:.LC7
 908 0b64 FEFFFFEB 		bl	put_string
 909 0b68 BBFFFFEA 		b	.L40
 910              	.L33:
 911 0b6c BAFFFFEA 		b	.L40
 913              		.ident	"GCC: (GNU) 4.7.2"
